==================================
TaskListItem Information: Table Method dynamics://Table/ATXRequestOrderHeader/Method/updateCustPurchaseOrder: [(467,17),(467,79)]: TODO : prodTable.CustPurchaseOrder = this.CustPurchaseOrder;
TaskListItem Information: Table Method dynamics://Table/ATXRequestOrderHeader/Method/updateCustPurchaseOrder: [(468,17),(468,93)]: TODO : prodTable.modifiedField(fieldNum(ProdTable, CustPurchaseOrder_AT));
Generation Information: View dynamics://View/ATXWorkCalendarDataEntity: Is Runtime Services mode: False
TaskListItem Information: Class Method dynamics://Class/ATXSalesBOMUpdate/Method/run: [(12,12),(12,84)]: todo breackDownOrderEngine = new ATXBreakDownOrderEngine(_salesLine);
TaskListItem Information: Class Method dynamics://Class/ATXSalesBOMUpdate/Method/main: [(30,13),(30,89)]: TODO breackDownOrderEngine = new ATXBreakDownOrderEngine(_args.record());
TaskListItem Information: Class Method dynamics://Class/ATXGenerateProductPreProdTask/Method/run: [(36,9),(36,12)]: TODO ATXGenerateTasks::RecalculteReqTaskDate(requetsOrderHeader.RequestOrderDate, requetsOrderHeader.RequestOrderId);
TaskListItem Information: Class Method dynamics://Class/ATXInventMovement/Method/removeSalesLine: [(348,13),(348,103)]: TODO AGM 22/Nov original if (newSalesLine.SalesQty && newSalesLine.SalesQty > abs(qty))
TaskListItem Information: Class Method dynamics://Class/ATXInventMovement/Method/removeSalesLine: [(351,17),(351,43)]: TODO Delete OutputOrder
TaskListItem Information: Class dynamics://Class/ATXRequestOrderAuthorize: [(7,1),(7,43)]: TODO Update header with style and qty?
TaskListItem Information: Class dynamics://Class/ATXRequestOrderAuthorize: [(8,1),(8,20)]: TODO Sample WIP
TaskListItem Information: Class Method dynamics://Class/ATXRequestOrderAuthorize/Method/main: [(49,9),(49,44)]: TODO Set BOM Generation in batch
TaskListItem Information: Class Method dynamics://Class/ATXRequestOrderAuthorize/Method/createSalesLines: [(363,13),(363,46)]: TODO Validar bloques de L.MAT?
TaskListItem Information: Class Method dynamics://Class/ATXRequestOrderAuthorize/Method/createSalesLines: [(472,13),(472,64)]: TODO
TaskListItem Information: Class Method dynamics://Class/ATXBOMMatrixEngine/Method/run: [(1138,9),(1138,42)]: TODO Validate bomtype released
TaskListItem Information: Class Method dynamics://Class/ATXBOMMatrixEngine/Method/run: [(1240,13),(1240,73)]: TODO. Miss implementation of size matrix and color matrix
TaskListItem Information: Class dynamics://Class/ATXBOMVersionVariants: [(1,1),(1,23)]: TODO Eliminar clase
TaskListItem Information: Class Method dynamics://Class/ATXProdJournalTools/Method/newProdJournalTable: [(38,13),(38,104)]: TODO ERROR? prodJournalTable.DetailSummary              = prodJournalName.DetailSummary;
TaskListItem Information: Class Method dynamics://Class/ATXUnApproveTasks/Method/run: [(31,13),(31,74)]: TODO productPreProdTask.DisapprovalDate = systemDateGet();
TaskListItem Information: Class Method dynamics://Class/ATXUnApproveTasks/Method/run: [(32,13),(32,96)]: TODO productPreProdTask.Disapprover     = HcmWorker::userId2Worker(curUserId());
TaskListItem Information: Class Method dynamics://Class/ATXProdRouteMultiRegisterProd/Method/fillMultiRegister: [(391,17),(391,32)]: TODO TESTING
TaskListItem Information: Class Method dynamics://Class/ATXProdRouteMultiRegisterProd/Method/createInventJournalLines: [(1117,13),(1117,142)]: TODO ERROR? inventJournalTransNew.LedgerDimension   = inventJournalTrans.inventTable().itemGroup().ATXLedgerDimensionMovement;
TaskListItem Information: Class Method dynamics://Class/ATXProdRouteMultiRegisterProd/Method/createInventJournalLines: [(1170,13),(1170,141)]: TODO ERROR?inventJournalTransNew.LedgerDimension   = inventJournalTrans.inventTable().itemGroup().ATXLedgerDimensionMovement;
TaskListItem Information: Class Method dynamics://Class/ATXAXRequestOrderHeader/Method/requestOrderHeader: [(189,9),(189,55)]: TODO if (!prmIsDefault(requestOrderHeader))
TaskListItem Information: Class Method dynamics://Class/ATXProdJournalMulti/Method/newProdJournalTable: [(56,9),(56,100)]: TODO ERROR? prodJournalTable.DetailSummary              = prodJournalName.DetailSummary;
TaskListItem Information: Class Method dynamics://Class/ATXProdJournalMulti/Method/insertJournalRouteLineFromProdRoute: [(145,9),(145,119)]: TODO ERROR? prodJournalRoute.DefaultDimension = prodJournalRoute.copyDimension(prodRoute.DefaultDimension);
TaskListItem Information: Class Method dynamics://Class/ATXTools/Method/copyGridToDim: [(658,101),(658,121)]: TODO PASAR METODO
TaskListItem Information: Class Method dynamics://Class/ATXBOMTemplateEngine/Method/insertOrUpdateBOMLine: [(115,13),(115,25)]: TODO AGM No se debe de eliminar todo lo que ya esta configurado correctamente. Solo generar nuevos casos
TaskListItem Information: Class dynamics://Class/ATXBOMVersionEngine: [(3,1),(3,77)]: TODO Falta funcionalidad para actualizar listas de materiales de OV y OP
TaskListItem Information: Class Method dynamics://Class/ATXBOMVersionEngine/Method/run: [(73,9),(73,36)]: TODO this.validateBOM();
TaskListItem Information: Class Method dynamics://Class/ATXBOMVersionEngine/Method/findVariantVersion: [(426,5),(426,34)]: TODO Estos metodos sirven?
TaskListItem Information: Class Method dynamics://Class/ATXPmfFormCtrl_BOMTemplateEdit/Method/fieldLookup: [(85,17),(85,72)]: TODO LookupTableEngine_AT::lookupItem(_formControl);
ExternalReference Warning: dynamics://Reference/System.IO.Compression.ZipFile: Assembly 'System.IO.Compression.ZipFile, Version=4.0.3.0, Culture=neutral, PublicKeyToken=b77a5c561934e089' failed to load because it was not found.
TaskListItem Information: Form Method dynamics://Form/ATXBOMTemplateLine/Method/enableFields: [(61,9),(61,136)]: TODO ATXBOMTemplateLine_ds.object(fieldNum(ATXBOMTemplateLine, ProjSetSubProdToConsumed)).allowEdit(ATXBOMTemplateLine.bomType == BOMType::PeggedSupply);
ExternalReference Warning: dynamics://Reference/Microsoft.Commerce.Flighting.Common: Assembly 'Microsoft.Xbox.Experimentation.Contracts, Version=1.0.0.0, Culture=neutral, PublicKeyToken=d91bba2b903dc20f' failed to load because it was not found.
ExternalReference Warning: dynamics://Reference/Microsoft.Dynamics.Commerce.Runtime.Services.PricingEngine: Assembly 'Microsoft.Dynamics.Commerce.Runtime.Entities.AttributeBasedPricing, Version=7.0.0.0, Culture=neutral, PublicKeyToken=31bf3856ad364e35' failed to load because it was not found.
ExternalReference Warning: dynamics://Reference/Azure.Core: Assembly 'System.Memory.Data, Version=1.0.2.0, Culture=neutral, PublicKeyToken=cc7b13ffcd2ddd51' failed to load because it was not found.
ExternalReference Warning: dynamics://Reference/RetailCommerceRuntimeFramework: Assembly 'Microsoft.Extensions.Caching.Abstractions, Version=1.1.2.0, Culture=neutral, PublicKeyToken=adb9793829ddae60' failed to load because it was not found.
Compile Warning: Class dynamics://Class/EcoResProductMasterDimension_Extension: [(28,6),(28,126)]: Adding event handlers in extension classes is not recommended, please use instead a regular X++ class for that purpose.
Compile Warning: Class dynamics://Class/EcoResProductMasterDimension_Extension: [(9,6),(9,125)]: Adding event handlers in extension classes is not recommended, please use instead a regular X++ class for that purpose.
Compile Warning: Class dynamics://Class/ATXProdJournalCheckPostProd_Extension: [(8,6),(8,98)]: Adding event handlers in extension classes is not recommended, please use instead a regular X++ class for that purpose.
Compile Warning: Class dynamics://Class/SalesTable_Extension: [(45,6),(45,76)]: Adding event handlers in extension classes is not recommended, please use instead a regular X++ class for that purpose.
Compile Warning: Class Method dynamics://Class/ATXRequestOrderCopy/Method/main: [(33,13),(33,24)]: 'reload' is obsolete: ''This method is not supported in the web client.''.
Metadata Warning: AxDataEntityView/ATXWorkCalendarDataEntity/Label: Conflicts were detected on the Label property '@SYS11839' for the following entities 'ATXWorkCalendarDataEntity(ATXApparelAndTextile), WorkCalendarEntity(Foundation)'
Metadata Warning: AxMenuItemAction/ATXPreProdTaskCreateTemplate/Object: Form 'ATXPreProdTaskCreateTemplate' does not exist.
BestPractices Warning: AxForm/ATXDestinationPlaceForm/Design: 'FormDesign' has not specified a pattern. Please apply one of the available patterns.
BestPractices Warning: AxForm/ATXSampleBook/Design/Controls/FormTabControl1/FormTabPageControl1: 'AxForm/ATXSampleBook/Design/Controls/FormTabControl1/FormTabPageControl1' has not specified a pattern. Please apply one of the available patterns.
BestPractices Warning: AxForm/ATXPreProdTaskTemplate/Design: 'FormDesign' has not specified a pattern. Please apply one of the available patterns.
BestPractices Warning: AxForm/ATXSampleTypeForm/Design: 'FormDesign' has not specified a pattern. Please apply one of the available patterns.
BestPractices Warning: AxForm/ATXBranchForm/Design: 'FormDesign' has not specified a pattern. Please apply one of the available patterns.
BestPractices Warning: AxForm/ATXTurnTable/Design: 'FormDesign' has not specified a pattern. Please apply one of the available patterns.
BestPractices Warning: AxForm/ATXItemDivisionForm/Design: 'FormDesign' has not specified a pattern. Please apply one of the available patterns.
Metadata Warning: AxDataEntityViewExtension/ProdRouteCardProductionJournalEntryEntity.ATXApparelAndTextile/Relations/ProductionSite/RelatedDataEntity: Referenced object 'InventOperationalSiteEntity' is marked as obsolete. 
BestPractices Warning: AxFormExtension/SalesTable.ATXApparelAndTextile/Design/Controls/MainTab/TabPageDetails/DetailsTab/LineView/LineViewTab/LineViewLineDetails/LineDetailsTab/TabFinTagLine: 'AxFormExtension/SalesTable.ATXApparelAndTextile/Design/Controls/MainTab/TabPageDetails/DetailsTab/LineView/LineViewTab/LineViewLineDetails/LineDetailsTab/TabFinTagLine' has not specified a pattern. Please apply one of the available patterns.
BestPractices Warning: AxFormExtension/SalesTable.ATXApparelAndTextile/Design/Controls/MainTab/TabPageDetails/DetailsTab/HeaderView/HeaderDetailsTab/TabFinTagHeader: 'AxFormExtension/SalesTable.ATXApparelAndTextile/Design/Controls/MainTab/TabPageDetails/DetailsTab/HeaderView/HeaderDetailsTab/TabFinTagHeader' has not specified a pattern. Please apply one of the available patterns.
Compile Warning: Table Method dynamics://Table/ATXRequestOrderLine/Method/updateSalesPrice: [(288,53),(288,67)]: The table 'salesLineSplit' is  referenced before being joined. Move this reference after the table has been joined in the statement.
Compile Warning: Table Method dynamics://Table/ATXRequestOrderLine/Method/aosValidateInsert: [(401,15),(401,22)]: Method 'aosValidateInsert' or type 'Common' in which it is declared is marked InternalUseOnly and is not accessible from the current module 'ATXApparelAndTextile' ''.
Compile Warning: Table Method dynamics://Table/ATXProdCutSection/Method/aosValidateDelete: [(134,15),(134,22)]: Method 'aosValidateDelete' or type 'Common' in which it is declared is marked InternalUseOnly and is not accessible from the current module 'ATXApparelAndTextile' ''.
Compile Warning: Form Method dynamics://Form/ATXProdCutPlan/Method/init: [(90,9),(90,25)]: 'redraw' is obsolete: 'This method is not supported in the web client.'.
Compile Warning: Form Method dynamics://Form/ATXProdCutPlan/Method/init: [(91,9),(91,25)]: 'reload' is obsolete: ''This method is not supported in the web client.''.
Compile Warning: Form Method dynamics://Form/ATXProductionFloorControl/Method/updateDesign: [(85,17),(85,33)]: 'redraw' is obsolete: 'This method is not supported in the web client.'.
Compile Warning: Form Method dynamics://Form/ATXProductionFloorControl/Method/clearValues: [(130,9),(130,25)]: 'redraw' is obsolete: 'This method is not supported in the web client.'.
Compile Warning: Form Control Method dynamics://Form/ATXProductionFloorControl/FormDesign/AxFormDesign/FormTabControl/FloorControlTab/FormTabPageControl/FloorControlTabPage/FormGroupControl/ProdGroup/FormGroupControl/ProductionGroup/FormStringControl/PersonnelNumberIdEdit/Method/paste: [(450,13),(450,20)]: 'paste' is obsolete: 'This method is not supported in the web client.'.
Compile Warning: Form Control Method dynamics://Form/ATXProductionFloorControl/FormDesign/AxFormDesign/FormTabControl/FloorControlTab/FormTabPageControl/FloorControlTabPage/FormGroupControl/ProdGroup/FormGroupControl/ProductionGroup/FormStringControl/ProdCustPurchOrder/Method/paste: [(537,13),(537,20)]: 'paste' is obsolete: 'This method is not supported in the web client.'.
Compile Warning: Form Control Method dynamics://Form/ATXProductionFloorControl/FormDesign/AxFormDesign/FormTabControl/FloorControlTab/FormTabPageControl/FloorControlTabPage/FormGroupControl/ProdGroup/FormGroupControl/ProductionGroup/FormStringControl/ProdIdEdit/Method/paste: [(578,13),(578,20)]: 'paste' is obsolete: 'This method is not supported in the web client.'.
Compile Warning: Form Control Method dynamics://Form/ATXProductionFloorControl/FormDesign/AxFormDesign/FormTabControl/FloorControlTab/FormTabPageControl/FloorControlTabPage/FormGroupControl/ProdGroup/FormGroupControl/ProductionGroup/FormStringControl/OprIdEdit/Method/paste: [(657,13),(657,20)]: 'paste' is obsolete: 'This method is not supported in the web client.'.
Compile Warning: Form Control Method dynamics://Form/ATXProductionFloorControl/FormDesign/AxFormDesign/FormTabControl/FloorControlTab/FormTabPageControl/FloorControlTabPage/FormGroupControl/ProdGroup/FormGroupControl/ProductionGroup/FormStringControl/OprName/Method/paste: [(708,13),(708,20)]: 'paste' is obsolete: 'This method is not supported in the web client.'.
Compile Warning: Form Control Method dynamics://Form/ATXProductionFloorControl/FormDesign/AxFormDesign/FormTabControl/FloorControlTab/FormTabPageControl/FloorControlTabPage/FormGroupControl/ProdGroup/FormGroupControl/ProductionGroup/FormStringControl/ProdCutId/Method/paste: [(787,13),(787,20)]: 'paste' is obsolete: 'This method is not supported in the web client.'.
Compile Warning: Form Control Method dynamics://Form/ATXProductionFloorControl/FormDesign/AxFormDesign/FormTabControl/FloorControlTab/FormTabPageControl/FloorControlTabPage/FormGroupControl/ProdGroup/FormGroupControl/RejectionGroup/FormStringControl/RejectionCodeCtrl/Method/paste: [(866,13),(866,20)]: 'paste' is obsolete: 'This method is not supported in the web client.'.
Compile Warning: Class Method dynamics://Class/ATXRequestOrderUpdateCustRef/Method/main: [(25,13),(25,24)]: 'reload' is obsolete: ''This method is not supported in the web client.''.
Compile Warning: Class Method dynamics://Class/ATXRequestOrder/Method/dialogPostRun: [(21,9),(21,69)]: 'controlMethodOverload' is obsolete: 'This is not a clean and recommended way to register override methods. Use registerOverrideMethod instead.'.
Compile Warning: Class Method dynamics://Class/ATXRequestOrder/Method/dialogPostRun: [(22,9),(22,75)]: 'controlMethodOverloadObject' is obsolete: ''This is not a clean and recommended way to register override methods. Use registerOverrideMethod instead.''.
Compile Warning: Class Method dynamics://Class/ATXProdCutPatternQtyUpdate/Method/runFromHeader: [(60,13),(60,172)]: The type conversion from 'int64' to 'int(NumberOf)' loses range.
Compile Warning: Class Method dynamics://Class/ATXRequestOrderCreate/Method/Fld2_1_modified: [(179,39),(179,78)]: 'controlCallingMethod' is obsolete: 'This method is not supported in the web client.'.
Compile Warning: Class Method dynamics://Class/ATXRequestOrderCreate/Method/Fld3_1_modified: [(221,39),(221,78)]: 'controlCallingMethod' is obsolete: 'This method is not supported in the web client.'.
Compile Warning: Class Method dynamics://Class/ATXRequestOrderCreate/Method/Fld12_1_modified: [(241,39),(241,78)]: 'controlCallingMethod' is obsolete: 'This method is not supported in the web client.'.
Compile Warning: Class Method dynamics://Class/ATXRequestOrderCreate/Method/main: [(303,17),(303,28)]: 'reload' is obsolete: ''This method is not supported in the web client.''.
Compile Warning: Class Method dynamics://Class/ATXTools/Method/isWMSPalletIdActive: [(349,133),(349,165)]: ReferencedObject is marked as Obsolete.  The 'InventDim::WMSPalletId' argument of the 'fieldNum' compile-time function specifying a table field is marked as obsolete.
Compile Warning: Class Method dynamics://Class/ATXTools/Method/createProductVariants: [(691,23),(691,57)]: Cast from extensible enum 'Extensible Enumeration(EcoResReleaseProductToCompany)' to 'int' potentially harmful and deprecated.
==================================
Errors: 0
Warnings: 46
